<?xml version="1.0" encoding="UTF-8" ?>
<testsuite tests="23" failures="0" name="scenariosteps.TestSuiteRunner" time="3.155" errors="0" skipped="0">
  <properties>
[...]
</properties>
  <testcase classname="| employee.sql | 2 |" name="Given user connects to DB" time="0.002"/>
  <testcase classname="| employee.sql | 2 |" name="Then user execute the following query employee.sql" time="0"/>
  <testcase classname="| employee.sql | 2 |" name="And I verify the result count as 2" time="0"/>
  <testcase classname="| employee.sql | 2 |" name="| employee.sql | 2 |" time="1.325"/>
  <testcase classname="| Api_Url | /comments? | postId= | 1 | postId__id__name__email | 1__1__id labore ex et quam laborum__Eliseo@gardner.biz | postId | 5 |" name="When I send http query request using Api_Url /comments? and postId= as 1" time="0"/>
  <testcase classname="| Api_Url | /comments? | postId= | 1 | postId__id__name__email | 1__1__id labore ex et quam laborum__Eliseo@gardner.biz | postId | 5 |" name="Then I validate postId__id__name__email values as 1__1__id labore ex et quam laborum__Eliseo@gardner.biz in response of webservice" time="0"/>
  <testcase classname="| Api_Url | /comments? | postId= | 1 | postId__id__name__email | 1__1__id labore ex et quam laborum__Eliseo@gardner.biz | postId | 5 |" name="And I count postId occurrence in response of webservice as 5" time="0"/>
  <testcase classname="| Api_Url | /comments? | postId= | 1 | postId__id__name__email | 1__1__id labore ex et quam laborum__Eliseo@gardner.biz | postId | 5 |" name="| Api_Url | /comments? | postId= | 1 | postId__id__name__email | 1__1__id labore ex et quam laborum__Eliseo@gardner.biz | postId | 5 |" time="0.002"/>
  <testcase classname="| Api_Url | /comments? | postId= | 2 | postId__id__name__email | 2__6__et fugit eligendi deleniti quidem qui sint nihil autem__Presley.Mueller@myrl.com | postId | 5 |" name="When I send http query request using Api_Url /comments? and postId= as 2" time="0"/>
  <testcase classname="| Api_Url | /comments? | postId= | 2 | postId__id__name__email | 2__6__et fugit eligendi deleniti quidem qui sint nihil autem__Presley.Mueller@myrl.com | postId | 5 |" name="Then I validate postId__id__name__email values as 2__6__et fugit eligendi deleniti quidem qui sint nihil autem__Presley.Mueller@myrl.com in response of webservice" time="0"/>
  <testcase classname="| Api_Url | /comments? | postId= | 2 | postId__id__name__email | 2__6__et fugit eligendi deleniti quidem qui sint nihil autem__Presley.Mueller@myrl.com | postId | 5 |" name="And I count postId occurrence in response of webservice as 5" time="0"/>
  <testcase classname="| Api_Url | /comments? | postId= | 2 | postId__id__name__email | 2__6__et fugit eligendi deleniti quidem qui sint nihil autem__Presley.Mueller@myrl.com | postId | 5 |" name="| Api_Url | /comments? | postId= | 2 | postId__id__name__email | 2__6__et fugit eligendi deleniti quidem qui sint nihil autem__Presley.Mueller@myrl.com | postId | 5 |" time="0.056"/>
  <testcase classname="| BOM | DEL |" name="Given the user is on the expedia website home page" time="0"/>
  <testcase classname="| BOM | DEL |" name="When user clicks on flight icon" time="0"/>
  <testcase classname="| BOM | DEL |" name="And user select flight type as one way" time="0"/>
  <testcase classname="| BOM | DEL |" name="And user enter the source BOM" time="0"/>
  <testcase classname="| BOM | DEL |" name="And user enter the destination DEL" time="0"/>
  <testcase classname="| BOM | DEL |" name="And user selects the date of journey" time="0"/>
  <testcase classname="| BOM | DEL |" name="Then user clicks on search button" time="0"/>
  <testcase classname="| BOM | DEL |" name="Then user should see list of flights with the cheapest on the top" time="0"/>
  <testcase classname="| BOM | DEL |" name="Then I select the cheapest flight" time="0"/>
  <testcase classname="| BOM | DEL |" name="And I verify the price under trip summary" time="0"/>
  <testcase classname="| BOM | DEL |" name="| BOM | DEL |" time="1.77"/>
</testsuite>